<?xml version="1.0" encoding="UTF-8"?>
<!-- Generated by org.testng.reporters.JUnitReportReporter -->
<testsuite skipped="0" hostname="DESKTOP-NFATJD6" name="test.LoginPageTest" tests="2" failures="0" timestamp="05 Mar 2022 17:11:22 GMT" time="13.279" errors="0">
  <testcase name="pageTitleTest" time="5.743" classname="test.LoginPageTest"/>
  <testcase name="loginTest" time="7.536" classname="test.LoginPageTest"/>
</testsuite> <!-- test.LoginPageTest -->
